<?xml version="1.0" encoding="UTF-8"?>
<!-- Generated by org.testng.reporters.JUnitReportReporter -->
<testsuite skipped="0" hostname="LAPTOP-SB9V88JV" name="test.java.rest.MyRest" tests="2" failures="0" timestamp="21 Jun 2017 05:06:07 GMT" time="3.315" errors="0">
  <testcase name="TC1" time="2.347" classname="test.java.rest.MyRest"/>
  <testcase name="TC2" time="0.968" classname="test.java.rest.MyRest"/>
</testsuite> <!-- test.java.rest.MyRest -->
