<?xml version="1.0" encoding="UTF-8"?>
<!-- Generated by org.testng.reporters.JUnitReportReporter -->
<testsuite skipped="0" hostname="LAPTOP-SB9V88JV" name="test.java.myArray.TestArrays" tests="2" failures="0" timestamp="03 Jun 2017 01:44:49 GMT" time="0.021" errors="0">
  <testcase name="TC2" time="0.005" classname="test.java.myArray.TestArrays"/>
  <testcase name="TC1" time="0.016" classname="test.java.myArray.TestArrays"/>
</testsuite> <!-- test.java.myArray.TestArrays -->
