<?xml version="1.0" encoding="UTF-8"?>
<!-- Generated by org.testng.reporters.JUnitReportReporter -->
<testsuite skipped="0" hostname="LAPTOP-SB9V88JV" name="test.java.calc.TestCalc" tests="4" failures="0" timestamp="21 May 2017 19:36:59 GMT" time="0.032" errors="0">
  <testcase name="TC2" time="0.003" classname="test.java.calc.TestCalc"/>
  <testcase name="TC4" time="0.006" classname="test.java.calc.TestCalc"/>
  <testcase name="TC3" time="0.005" classname="test.java.calc.TestCalc"/>
  <testcase name="TC1" time="0.018" classname="test.java.calc.TestCalc"/>
</testsuite> <!-- test.java.calc.TestCalc -->
