<?xml version="1.0" encoding="UTF-8"?>
<!-- Generated by org.testng.reporters.JUnitReportReporter -->
<testsuite skipped="0" hostname="LAPTOP-SB9V88JV" name="test.java.mySet.TestHashset" tests="1" failures="0" timestamp="04 Jun 2017 18:47:43 GMT" time="0.012" errors="0">
  <testcase name="TC1" time="0.012" classname="test.java.mySet.TestHashset"/>
</testsuite> <!-- test.java.mySet.TestHashset -->
