<?xml version="1.0" encoding="UTF-8"?>
<!-- Generated by org.testng.reporters.JUnitReportReporter -->
<testsuite skipped="0" hostname="LAPTOP-SB9V88JV" name="test.java.myMap.TestMyMap" tests="3" failures="0" timestamp="14 Jun 2017 03:58:57 GMT" time="0.022" errors="0">
  <testcase name="TC2" time="0.006" classname="test.java.myMap.TestMyMap"/>
  <testcase name="TC3" time="0.003" classname="test.java.myMap.TestMyMap"/>
  <testcase name="TC1" time="0.013" classname="test.java.myMap.TestMyMap"/>
</testsuite> <!-- test.java.myMap.TestMyMap -->
